C:\JOBS\GSA\44OP-080246\MDT\RISER.dwg,Model,11/3/2010 10:47:46 AM,GuerraJ,Adobe PDF,Letter,1:1.45937,
C:\JOBS\GSA\44OP-080246\MDT\RISER.dwg,Model,11/3/2010 10:48:57 AM,GuerraJ,Adobe PDF,Letter,1:1.40715,
C:\JOBS\GSA\44OP-080255\MDT\RISER.dwg,Model,12/20/2010 1:53:40 AM,GuerraJ,Adobe PDF,Letter,1:1.5,
C:\JOBS\GSA\44OP-080255\MDT\RISER.dwg,Model,12/20/2010 1:54:53 AM,GuerraJ,Adobe PDF (temporary).pc3,Letter,1:1.5,
C:\JOBS\GSA\44OP-080255\MDT\RISER.dwg,Model,12/23/2010 9:01:18 AM,GuerraJ,iR5055,Letter,1:1.44022,
C:\JOBS\GSA\44OP-080255\MDT\RISER.dwg,Model,12/23/2010 9:01:49 AM,GuerraJ,iR5055,Letter,1:1.44022,
C:\JOBS\GSA\44OP-080255\MDT\RISER.dwg,Model,12/23/2010 9:02:03 AM,GuerraJ,Adobe PDF,Letter,1:1.44022,
C:\JOBS\GSA\44OP-080255\MDT\RISER.dwg,Model,12/23/2010 9:03:15 AM,GuerraJ,Adobe PDF (temporary).pc3,Letter,1:1.44022,
C:\JOBS\GSA\44OP-080255\MDT\MARSHALL Node 01-X1.dwg,Model,1/4/2011 10:08:25 AM,GuerraJ,Adobe PDF,Letter,1:2.91878,
C:\JOBS\GSA\44OP-080481_BEAUMONT_JBROOKS\MDT\RISER.dwg,Model,2/9/2011 10:50:18 AM,GuerraJ,Adobe PDF,Letter,1:1.5,
C:\JOBS\GSA\44OP-080110_LABRANCH\MDT\RISER.dwg,Model,2/10/2011 11:55:10 PM,GuerraJ,Adobe PDF,Letter,1:1.4,
C:\JOBS\GSA\44OP-080110_LABRANCH\MDT\RISER.dwg,Model,2/10/2011 11:57:01 PM,GuerraJ,Adobe PDF,Letter,1:1.4,
C:\JOBS\GSA\44OP-080481_VICTORIA\MDT\CH SYS.DWG,Model,2/17/2011 5:03:12 PM,GuerraJ,\\ussat000001dat\P000001a,Letter,1:1.47941,
C:\JOBS\44OP-089764-PC_0682\MDT\AHU-5A.DWG,Model,6/3/2011 11:21:36 AM,guerraj,\\ussat000001dat\P000001a,Letter,1:3.74427,
R:\JOBS\44OP-022446 UTSA EBII\MDT\CHASE DAMPERS.DWG,Model,6/8/2011 9:11:30 AM,guerraj,Adobe PDF.pc3,11 x 17,1:1.04806,
Z:\Jobs\44OP-089764 TAMU DDC Ph 2\BLDG 0353 BRIGHT AERO\Plans\0353-07.dwg,Model,6/29/2011 2:19:27 PM,guerraj,\\ussat000001dat\p000013a,18x24in.,1:132.818,
Z:\Jobs\44OP-089764 TAMU DDC Ph 2\BLDG 0353 BRIGHT AERO\Plans\0353-06.dwg,Model,6/29/2011 2:20:12 PM,guerraj,\\ussat000001dat\p000013a,18x24in.,1:132.814,
Z:\Jobs\44OP-089764 TAMU DDC Ph 2\BLDG 0353 BRIGHT AERO\Plans\0353-05.dwg,Model,6/29/2011 2:21:44 PM,guerraj,\\ussat000001dat\p000013a,18x24in.,1:132.823,
Z:\Jobs\44OP-089764 TAMU DDC Ph 2\BLDG 0353 BRIGHT AERO\Plans\0353-04.dwg,Model,6/29/2011 2:25:59 PM,guerraj,\\ussat000001dat\p000013a,18x24in.,1:132.821,
Z:\Jobs\44OP-089764 TAMU DDC Ph 2\BLDG 0353 BRIGHT AERO\Plans\0353-03.dwg,Model,6/29/2011 2:27:41 PM,guerraj,\\ussat000001dat\p000013a,18x24in.,1:132.821,
Z:\Jobs\44OP-089764 TAMU DDC Ph 2\BLDG 0353 BRIGHT AERO\Plans\0353-02.dwg,Model,6/29/2011 2:28:19 PM,guerraj,\\ussat000001dat\p000013a,18x24in.,1:132.817,
Z:\Jobs\44OP-089764 TAMU DDC Ph 2\BLDG 0353 BRIGHT AERO\Plans\0353-01.dwg,Model,6/29/2011 2:28:57 PM,guerraj,\\ussat000001dat\p000013a,18x24in.,1:132.964,
Z:\Jobs\44OP-089764 TAMU DDC Ph 2\BLDG 0353 BRIGHT AERO\Plans\0353-G.DWG,Model,6/29/2011 2:29:48 PM,guerraj,\\ussat000001dat\p000013a,18x24in.,1:153.499,
Z:\Jobs\44OP-089764 TAMU DDC Ph 2\BLDG 0353 BRIGHT AERO\Plans\0353-03.dwg,Model,6/29/2011 2:35:43 PM,guerraj,\\ussat000001dat\p000013a,18x24in.,1:132.821,
Z:\Jobs\44OP-089764 TAMU DDC Ph 2\BLDG 0353 BRIGHT AERO\Plans\0353-02.dwg,Model,6/29/2011 2:36:12 PM,guerraj,\\ussat000001dat\p000013a,18x24in.,1:132.817,
Z:\Jobs\44OP-089764 TAMU DDC Ph 2\BLDG 0353 BRIGHT AERO\Plans\0353-01.dwg,Model,6/29/2011 2:36:32 PM,guerraj,\\ussat000001dat\p000013a,18x24in.,1:132.964,
Z:\Jobs\44OP-089764 TAMU DDC Ph 2\BLDG 0353 BRIGHT AERO\Plans\0353-G.DWG,Model,6/29/2011 2:36:46 PM,guerraj,\\ussat000001dat\p000013a,18x24in.,1:153.499,
C:\JOBS\GSA\44OP-080046_AUSTIN_VA\MDT\HW SYS.dwg,Model,1/19/2012 10:50:54 AM,guerraj,Adobe PDF,Letter,1:1.45934,
C:\JOBS\44OP-117881_USAA_C_AUDITORIUM\MDT\FCUHC.DWG,Model,9/21/2012 12:59:46 PM,guerraj,\\ussat000001dat\P000001a,Letter,1:2.95901,
C:\JOBS\44OP-117881_USAA_C_AUDITORIUM\MDT\FCUHC.DWG,Model,9/21/2012 1:01:00 PM,guerraj,iR5055,11x17,1:2.15903,
C:\JOBS\44OP-119997_RESOLUTE_HEALTH_NB\MDT\VAV-HW REHEAT.DWG,Model,10/24/2012 10:41:26 AM,guerraj,Adobe PDF,Letter,1:1.45934,
C:\JOBS\44OP-119997_RESOLUTE_HEALTH_NB\MDT\VAV-HW REHEAT.DWG,Model,10/24/2012 11:08:31 AM,guerraj,Adobe PDF,Letter,1:1.45934,
C:\JOBS\123\MDT\DDVAV.DWG,Model,11/17/2017 11:22:27 AM,z003vrzk,\\usaus000001dat\P000007a,Letter (8.5" x 11"),1:1.47959,
